<?xml version="1.0" encoding="UTF-8"?>
<testng-results skipped="0" failed="0" ignored="0" total="1" passed="1">
  <reporter-output>
  </reporter-output>
  <suite name="Seleniumwdtestng" duration-ms="11300" started-at="2020-07-12T21:11:37 CDT" finished-at="2020-07-12T21:11:48 CDT">
    <groups>
    </groups>
    <test name="BankingApp Test" duration-ms="11300" started-at="2020-07-12T21:11:37 CDT" finished-at="2020-07-12T21:11:48 CDT">
      <class name="testCases.TC_LoginTest_001">
        <test-method status="PASS" signature="setup(java.lang.String)[pri:0, instance:testCases.TC_LoginTest_001@91161c7]" name="setup" is-config="true" duration-ms="8737" started-at="2020-07-12T21:11:37 CDT" finished-at="2020-07-12T21:11:45 CDT">
          <params>
            <param index="0">
              <value>
                <![CDATA[chrome]]>
              </value>
            </param>
          </params>
          <reporter-output>
          </reporter-output>
        </test-method> <!-- setup -->
        <test-method status="PASS" signature="loginTest()[pri:0, instance:testCases.TC_LoginTest_001@91161c7]" name="loginTest" duration-ms="1563" started-at="2020-07-12T21:11:46 CDT" finished-at="2020-07-12T21:11:47 CDT">
          <reporter-output>
          </reporter-output>
        </test-method> <!-- loginTest -->
        <test-method status="PASS" signature="tearDown()[pri:0, instance:testCases.TC_LoginTest_001@91161c7]" name="tearDown" is-config="true" duration-ms="716" started-at="2020-07-12T21:11:47 CDT" finished-at="2020-07-12T21:11:48 CDT">
          <reporter-output>
          </reporter-output>
        </test-method> <!-- tearDown -->
      </class> <!-- testCases.TC_LoginTest_001 -->
    </test> <!-- BankingApp Test -->
  </suite> <!-- Seleniumwdtestng -->
</testng-results>
